<?xml version="1.0" encoding="UTF-8"?>
<testsuite name="JUnit Jupiter" tests="1" skipped="0" failures="0" errors="0" time="0.061" hostname="DESKTOP-N60BKLA" timestamp="2019-10-04T13:40:37">
<properties>
[...]
</properties>
<testcase name="addTest()" classname="fi.utu.tech.CalculatorTest" time="0.024">
<system-out><![CDATA[
unique-id: [engine:junit-jupiter]/[class:fi.utu.tech.CalculatorTest]/[method:addTest()]
display-name: addTest()
]]></system-out>
</testcase>
<system-out><![CDATA[
unique-id: [engine:junit-jupiter]
display-name: JUnit Jupiter
]]></system-out>
</testsuite>
